make all --print-data-base --no-builtin-variables --no-builtin-rules --question
# GNU Make 3.81
# Copyright (C) 2006  Free Software Foundation, Inc.
# This is free software; see the source for copying conditions.
# There is NO warranty; not even for MERCHANTABILITY or FITNESS FOR A
# PARTICULAR PURPOSE.

# This program built for i386-apple-darwin11.3.0
 

# Make data base, printed on Sat Jul  2 11:22:04 2022

# Variables

# automatic
<D = $(patsubst %/,%,$(dir $<))
 
# automatic
?F = $(notdir $?)
# makefile (from `Makefile', line 45)
OBJ = $(SRC:.c=.o)
# makefile (from `Makefile', line 16)
SRC = ./exec/builtins.c ./exec/ft_env.c ./exec/tools.c ./exec/redirections.c ./libft/ft_strnstr.c ./exec/ft_unset.c ./exec/ft_export.c ./exec/ft_others.c ./exec/ft_readline.c ./exec/ft_init.c ./libft/ft_putchar_fd.c ./libft/ft_putstr_fd.c ./libft/ft_putendl_fd.c ./exec/ftpipe.c ./exec//libft.c ./exec/ft_one_command.c ./exec/ft_multi_cmds.c ./libft/ft_strdup.c ./exec/ft_here_doc.c ./exec/ft_split.c ./exec/parse.c ./exec/utils.c ./exec/ft_search_path.c ./exec/is_builtin.c ./exec/ft_exit.c ./exec/ftcd.c ./exec/ft_copy_1st_env.c ./exec/ft_export_tools.c 
# environment
VSCODE_LOG_NATIVE = false
# automatic
?D = $(patsubst %/,%,$(dir $?))
# automatic
@D = $(patsubst %/,%,$(dir $@))
# automatic
@F = $(notdir $@)
# makefile
CURDIR := /Users/atabiti/Desktop/Minishell-
# makefile
SHELL = /bin/sh
# environment
VSCODE_NLS_CONFIG = {"locale":"en-us","availableLanguages":{},"_languagePackSupport":true}
# environment
_ = /usr/bin/make
# makefile (from `Makefile', line 1)
MAKEFILE_LIST :=  Makefile
# environment
VSCODE_VERBOSE_LOGGING = true
# environment
VSCODE_IPC_HOOK_EXTHOST = /var/folders/zz/zyxvpxvq6csfxvn_n000cc8c003323/T/vscode-ipc-a23ccd24-9d5b-4812-8e1f-e36bec4ab274.sock
# environment
VSCODE_CWD = /
# environment
Apple_PubSub_Socket_Render = /private/tmp/com.apple.launchd.GzCIMZ3S1D/Render
# environment
PATH = /usr/local/bin:/usr/bin:/bin:/usr/sbin:/sbin:/usr/local/munki:/Library/Frameworks/Mono.framework/Versions/Current/Commands
# environment
VSCODE_LOG_STACK = false
# environment
ELECTRON_RUN_AS_NODE = 1
# default
.FEATURES := target-specific order-only second-expansion else-if archives jobserver check-symlink
# environment
SSH_AUTH_SOCK = /private/tmp/com.apple.launchd.vhG0LuK257/Listeners
# automatic
%F = $(notdir $%)
# environment
VSCODE_PIPE_LOGGING = true
# environment
PWD = /Users/atabiti/Desktop/Minishell-
# environment
ORIGINAL_XDG_CURRENT_DESKTOP = undefined
# makefile (from `Makefile', line 14)
CFALGS = -Wall -Werorr -Wextra 
# environment
VSCODE_AMD_ENTRYPOINT = vs/workbench/api/node/extensionHostProcess
# environment
HOME = /Users/atabiti
# default
MAKEFILEPATH = $(shell /usr/bin/xcode-select -print-path 2>/dev/null || echo /Developer)/Makefiles
# environment
VSCODE_CODE_CACHE_PATH = /Users/atabiti/Library/Application Support/Code/CachedData/57fd6d0195bb9b9d1b49f6da5db789060795de47
# environment
LOGNAME = atabiti
# environment
APPLICATION_INSIGHTS_NO_DIAGNOSTIC_CHANNEL = true
# environment
VSCODE_HANDLES_UNCAUGHT_ERRORS = true
# automatic
^D = $(patsubst %/,%,$(dir $^))
# environment
XPC_FLAGS = 0x0
# default
MAKE = $(MAKE_COMMAND)
# default
MAKECMDGOALS := all
# environment
SHLVL = 1
# default
MAKE_VERSION := 3.81
# environment
USER = atabiti
# makefile
.DEFAULT_GOAL := all
# makefile (from `Makefile', line 13)
NAME = minishell
# automatic
%D = $(patsubst %/,%,$(dir $%))
# default
MAKE_COMMAND := /Library/Developer/CommandLineTools/usr/bin/make
# default
.VARIABLES := 
# environment
TMPDIR = /var/folders/zz/zyxvpxvq6csfxvn_n000cc8c003323/T/
# automatic
*F = $(notdir $*)
# environment
VSCODE_IPC_HOOK = /Users/atabiti/Library/Application Support/Code/1.67.0-main.sock
# makefile
MAKEFLAGS = Rrqp
# environment
MFLAGS = -Rrqp
# automatic
*D = $(patsubst %/,%,$(dir $*))
# environment
XPC_SERVICE_NAME = com.microsoft.VSCode.2440
# automatic
+D = $(patsubst %/,%,$(dir $+))
# automatic
+F = $(notdir $+)
# environment
__CF_USER_TEXT_ENCODING = 0x18C43:0:0
# default
MAKEFILES := 
# automatic
<F = $(notdir $<)
# environment
LC_ALL = C
# automatic
^F = $(notdir $^)
# default
SUFFIXES := 
# default
.INCLUDE_DIRS = /usr/local/include
# environment
MAKELEVEL := 0
# environment
LANG = C
# environment
VSCODE_PID = 40231
# variable set hash-table stats:
# Load=65/1024=6%, Rehash=0, Collisions=3/93=3%

# Pattern-specific Variable Values

# No pattern-specific variable values.

# Directories

# . (device 16777223, inode 12888987408): 15 files, no impossibilities.

# 15 files, no impossibilities in 1 directories.

# Implicit Rules

# No implicit rules.

# Files

# Not a target:
exec/parse.o:
#  Implicit rule search has been done.
#  Last modified 2022-07-02 11:22:03
#  File has been updated.
#  Successfully updated.
# variable set hash-table stats:
# Load=0/32=0%, Rehash=0, Collisions=0/0=0%

# Not a target:
exec//libft.o:
#  Implicit rule search has been done.
#  Last modified 2022-07-02 11:22:03
#  File has been updated.
#  Successfully updated.
# variable set hash-table stats:
# Load=0/32=0%, Rehash=0, Collisions=0/0=0%

# Not a target:
exec/utils.o:
#  Implicit rule search has been done.
#  Last modified 2022-07-02 11:22:03
#  File has been updated.
#  Successfully updated.
# variable set hash-table stats:
# Load=0/32=0%, Rehash=0, Collisions=0/0=0%

# Not a target:
libft/ft_putendl_fd.o:
#  Implicit rule search has been done.
#  Last modified 2022-07-02 11:22:03
#  File has been updated.
#  Successfully updated.
# variable set hash-table stats:
# Load=0/32=0%, Rehash=0, Collisions=0/0=0%

all: minishell
#  Command-line target.
#  Implicit rule search has been done.
#  File does not exist.
#  File has been updated.
#  Successfully updated.
# variable set hash-table stats:
# Load=0/32=0%, Rehash=0, Collisions=0/0=0%

# Not a target:
exec/ftpipe.o:
#  Implicit rule search has been done.
 
#  Last modified 2022-07-02 11:22:03
#  File has been updated.
#  Successfully updated.
# variable set hash-table stats:
# Load=0/32=0%, Rehash=0, Collisions=0/0=0%

# Not a target:
exec/builtins.o:
#  Implicit rule search has been done.
#  Last modified 2022-07-02 11:22:02
#  File has been updated.
#  Successfully updated.
# variable set hash-table stats:
# Load=0/32=0%, Rehash=0, Collisions=0/0=0%

# Not a target:
.SUFFIXES:
#  Implicit rule search has not been done.
#  Modification time never checked.
#  File has not been updated.

# Not a target:
exec/ft_env.o:
#  Implicit rule search has been done.
#  Last modified 2022-07-02 11:22:02
#  File has been updated.
#  Successfully updated.
# variable set hash-table stats:
# Load=0/32=0%, Rehash=0, Collisions=0/0=0%

# Not a target:
Makefile:
#  Implicit rule search has been done.
#  Last modified 2022-07-02 11:22:00
#  File has been updated.
#  Successfully updated.
# variable set hash-table stats:
# Load=0/32=0%, Rehash=0, Collisions=0/0=0%

# Not a target:
exec/ft_exit.o:
#  Implicit rule search has been done.
#  Last modified 2022-07-02 11:22:03
#  File has been updated.
#  Successfully updated.
# variable set hash-table stats:
# Load=0/32=0%, Rehash=0, Collisions=0/0=0%

# Not a target:
exec/ft_export_tools.o:
#  Implicit rule search has been done.
#  Last modified 2022-07-02 11:22:04
#  File has been updated.
#  Successfully updated.
# variable set hash-table stats:
# Load=0/32=0%, Rehash=0, Collisions=0/0=0%

# Not a target:
exec/redirections.o:
#  Implicit rule search has been done.
#  Last modified 2022-07-02 11:22:02
#  File has been updated.
#  Successfully updated.
# variable set hash-table stats:
# Load=0/32=0%, Rehash=0, Collisions=0/0=0%

minishell: exec/builtins.o exec/ft_env.o exec/tools.o exec/redirections.o libft/ft_strnstr.o exec/ft_unset.o exec/ft_export.o exec/ft_others.o exec/ft_readline.o exec/ft_init.o libft/ft_putchar_fd.o libft/ft_putstr_fd.o libft/ft_putendl_fd.o exec/ftpipe.o exec//libft.o exec/ft_one_command.o exec/ft_multi_cmds.o libft/ft_strdup.o exec/ft_here_doc.o exec/ft_split.o exec/parse.o exec/utils.o exec/ft_search_path.o exec/is_builtin.o exec/ft_exit.o exec/ftcd.o exec/ft_copy_1st_env.o exec/ft_export_tools.o
#  Implicit rule search has not been done.
#  Last modified 2022-07-02 11:22:04
#  File has been updated.
#  Successfully updated.
# variable set hash-table stats:
# Load=0/32=0%, Rehash=0, Collisions=0/0=0%
#  commands to execute (from `Makefile', line 76):
	gcc   $(CFLAGS)  $(OBJ)  -o $(NAME)   -lreadline -L /Users/$(USER)/.brew/Cellar/readline/8.1.2/lib -I /Users/$(USER)/.brew/Cellar/readline/8.1.2/include
	

# Not a target:
exec/ft_unset.o:
#  Implicit rule search has been done.
#  Last modified 2022-07-02 11:22:02
#  File has been updated.
#  Successfully updated.
# variable set hash-table stats:
# Load=0/32=0%, Rehash=0, Collisions=0/0=0%

# Not a target:
exec/tools.o:
#  Implicit rule search has been done.
#  Last modified 2022-07-02 11:22:02
#  File has been updated.
#  Successfully updated.
# variable set hash-table stats:
# Load=0/32=0%, Rehash=0, Collisions=0/0=0%

fclean: clean
#  Implicit rule search has not been done.
#  Modification time never checked.
#  File has not been updated.
#  commands to execute (from `Makefile', line 85):
	rm $(NAME)
	

# Not a target:
exec/ft_copy_1st_env.o:
#  Implicit rule search has been done.
#  Last modified 2022-07-02 11:22:04
#  File has been updated.
#  Successfully updated.
# variable set hash-table stats:
# Load=0/32=0%, Rehash=0, Collisions=0/0=0%

# Not a target:
exec/ft_readline.o:
#  Implicit rule search has been done.
#  Last modified 2022-07-02 11:22:03
#  File has been updated.
#  Successfully updated.
# variable set hash-table stats:
# Load=0/32=0%, Rehash=0, Collisions=0/0=0%

# Not a target:
exec/ft_one_command.o:
#  Implicit rule search has been done.
#  Last modified 2022-07-02 11:22:03
#  File has been updated.
#  Successfully updated.
# variable set hash-table stats:
# Load=0/32=0%, Rehash=0, Collisions=0/0=0%

# Not a target:
exec/ft_init.o:
#  Implicit rule search has been done.
#  Last modified 2022-07-02 11:22:03
#  File has been updated.
#  Successfully updated.
# variable set hash-table stats:
# Load=0/32=0%, Rehash=0, Collisions=0/0=0%

# Not a target:
.DEFAULT:
#  Implicit rule search has not been done.
#  Modification time never checked.
#  File has not been updated.

re: fclean all
#  Implicit rule search has not been done.
#  Modification time never checked.
#  File has not been updated.

clean:
#  Implicit rule search has not been done.
#  Modification time never checked.
#  File has not been updated.
#  commands to execute (from `Makefile', line 79):
	cd ./exec; \
	rm *.o
	cd ./libft; \
	rm *.o
	

# Not a target:
exec/ft_others.o:
#  Implicit rule search has been done.
#  Last modified 2022-07-02 11:22:02
#  File has been updated.
#  Successfully updated.
# variable set hash-table stats:
# Load=0/32=0%, Rehash=0, Collisions=0/0=0%

# Not a target:
exec/ft_here_doc.o:
#  Implicit rule search has been done.
#  Last modified 2022-07-02 11:22:03
#  File has been updated.
#  Successfully updated.
# variable set hash-table stats:
# Load=0/32=0%, Rehash=0, Collisions=0/0=0%

# Not a target:
exec/ft_multi_cmds.o:
#  Implicit rule search has been done.
#  Last modified 2022-07-02 11:22:03
#  File has been updated.
#  Successfully updated.
# variable set hash-table stats:
# Load=0/32=0%, Rehash=0, Collisions=0/0=0%

# Not a target:
libft/ft_strdup.o:
#  Implicit rule search has been done.
#  Last modified 2022-07-02 11:22:03
#  File has been updated.
#  Successfully updated.
# variable set hash-table stats:
# Load=0/32=0%, Rehash=0, Collisions=0/0=0%

# Not a target:
exec/ft_search_path.o:
#  Implicit rule search has been done.
#  Last modified 2022-07-02 11:22:03
#  File has been updated.
#  Successfully updated.
# variable set hash-table stats:
# Load=0/32=0%, Rehash=0, Collisions=0/0=0%

# Not a target:
exec/is_builtin.o:
#  Implicit rule search has been done.
#  Last modified 2022-07-02 11:22:03
#  File has been updated.
#  Successfully updated.
# variable set hash-table stats:
# Load=0/32=0%, Rehash=0, Collisions=0/0=0%

# Not a target:
libft/ft_strnstr.o:
#  Implicit rule search has been done.
#  Last modified 2022-07-02 11:22:02
#  File has been updated.
#  Successfully updated.
# variable set hash-table stats:
# Load=0/32=0%, Rehash=0, Collisions=0/0=0%

# Not a target:
libft/ft_putstr_fd.o:
#  Implicit rule search has been done.
#  Last modified 2022-07-02 11:22:03
#  File has been updated.
#  Successfully updated.
# variable set hash-table stats:
# Load=0/32=0%, Rehash=0, Collisions=0/0=0%

# Not a target:
exec/ftcd.o:
#  Implicit rule search has been done.
#  Last modified 2022-07-02 11:22:03
#  File has been updated.
#  Successfully updated.
# variable set hash-table stats:
# Load=0/32=0%, Rehash=0, Collisions=0/0=0%

# Not a target:
exec/ft_split.o:
#  Implicit rule search has been done.
#  Last modified 2022-07-02 11:22:03
#  File has been updated.
#  Successfully updated.
# variable set hash-table stats:
# Load=0/32=0%, Rehash=0, Collisions=0/0=0%

# Not a target:
libft/ft_putchar_fd.o:
#  Implicit rule search has been done.
#  Last modified 2022-07-02 11:22:03
#  File has been updated.
#  Successfully updated.
# variable set hash-table stats:
# Load=0/32=0%, Rehash=0, Collisions=0/0=0%

# Not a target:
exec/ft_export.o:
#  Implicit rule search has been done.
#  Last modified 2022-07-02 11:22:02
#  File has been updated.
#  Successfully updated.
# variable set hash-table stats:
# Load=0/32=0%, Rehash=0, Collisions=0/0=0%

# files hash-table stats:
# Load=36/1024=4%, Rehash=0, Collisions=0/81=0%
# VPATH Search Paths

# No `vpath' search paths.

# No general (`VPATH' variable) search path.

# # of strings in strcache: 1
# # of strcache buffers: 1
# strcache size: total = 4096 / max = 4096 / min = 4096 / avg = 4096
# strcache free: total = 4087 / max = 4087 / min = 4087 / avg = 4087

# Finished Make data base on Sat Jul  2 11:22:04 2022

 
